1:20:08 PM > GET http://trey.app/
1:20:08 PM > GET http://trey.app/vanilla/css/base.css
1:20:08 PM > GET http://trey.app/vanilla/assets/googlefonts/open-sans.css
1:20:08 PM > GET http://trey.app/vanilla/assets/googlefonts/fira-code.css
1:20:08 PM > GET http://trey.app/vanilla/assets/googlefonts/open-sans/open-sans-v29-vietnamese_latin-ext_latin_hebrew_greek-ext_greek_cyrillic-ext_cyrillic-300.woff2
1:20:08 PM > GET http://trey.app/vanilla/assets/googlefonts/open-sans/open-sans-v29-vietnamese_latin-ext_latin_hebrew_greek-ext_greek_cyrillic-ext_cyrillic-regular.woff2
1:20:08 PM > GET http://trey.app/vanilla/assets/googlefonts/fira-code/fira-code-v21-latin-ext_latin_greek-ext_greek_cyrillic-ext_cyrillic-700.woff2
1:20:49 PM > GET http://trey.app/svelte/
1:20:49 PM > GET http://trey.app/svelte/fonts/fira-code.css
1:20:49 PM > GET http://trey.app/svelte/assets/index.21108f00.js
1:20:49 PM > GET http://trey.app/svelte/fonts/open-sans.css
1:20:49 PM > GET http://trey.app/svelte/js/svg-inject.js
1:20:50 PM > GET http://trey.app/svelte/js/hls.js
1:20:50 PM > GET http://trey.app/svelte/js/jsmpeg.min.js
1:20:50 PM > GET http://trey.app/svelte/sw.js
1:20:50 PM > GET http://trey.app/svelte/assets/index.2ddc90d7.css
1:20:50 PM > GET http://trey.app/svelte/pwa/sw-start.js
1:20:50 PM > GET http://trey.app/svelte/fonts/open-sans/open-sans-regular.woff2
1:20:50 PM > GET http://trey.app/svelte/fonts/fira-code/fira-code-regular.woff2
1:20:50 PM > GET http://trey.app/api/test/v1/time
1:20:50 PM > GET http://trey.app/api/serial/v1/availablePorts
1:20:50 PM > GET http://trey.app/svelte/svgs/font_awesome/down-long.svg
1:20:50 PM > GET http://trey.app/svelte/svgs/font_awesome/bars.svg
1:20:50 PM > GET http://trey.app/svelte/svgs/font_awesome/server.svg
1:20:50 PM > GET http://trey.app/svelte/svgs/font_awesome/wrench.svg
1:20:50 PM > GET http://trey.app/svelte/svgs/font_awesome/caret-down.svg
1:20:50 PM > GET http://trey.app/svelte/svgs/font_awesome/network-wired.svg
1:20:50 PM > GET http://trey.app/svelte/svgs/font_awesome/up-down.svg
1:20:50 PM > GET http://trey.app/svelte/svgs/font_awesome/house.svg
1:20:50 PM > GET http://trey.app/svelte/svgs/font_awesome/gear.svg
1:20:50 PM > GET http://trey.app/svelte/svgs/font_awesome/up-long.svg
1:20:50 PM > GET http://trey.app/svelte/svgs/font_awesome/circle-half-stroke.svg
1:20:50 PM > GET http://trey.app/svelte/svgs/font_awesome/terminal.svg
1:20:50 PM > GET http://trey.app/svelte/svgs/font_awesome/down-long.svg
1:20:50 PM > GET http://trey.app/svelte/svgs/font_awesome/server.svg
1:20:50 PM > GET http://trey.app/svelte/svgs/font_awesome/bars.svg
1:20:50 PM > GET http://trey.app/svelte/svgs/font_awesome/wrench.svg
1:20:50 PM > GET http://trey.app/svelte/svgs/font_awesome/network-wired.svg
1:20:50 PM > GET http://trey.app/svelte/svgs/font_awesome/caret-down.svg
1:20:50 PM > GET http://trey.app/svelte/svgs/font_awesome/up-down.svg
1:20:50 PM > GET http://trey.app/svelte/svgs/font_awesome/house.svg
1:20:50 PM > GET http://trey.app/svelte/svgs/font_awesome/up-long.svg
1:20:50 PM > GET http://trey.app/svelte/svgs/font_awesome/gear.svg
1:20:50 PM > GET http://trey.app/svelte/svgs/font_awesome/circle-half-stroke.svg
1:20:50 PM > GET http://trey.app/svelte/svgs/font_awesome/terminal.svg
1:20:50 PM > GET http://trey.app/svelte/manifest.json
1:20:50 PM > GET http://trey.app/svelte/pwa/icons/icon-144x144.png
1:20:51 PM > GET http://trey.app/svelte/sw.js
1:21:08 PM > GET http://trey.app/
1:21:08 PM > GET http://trey.app/vanilla/css/base.css
1:21:08 PM > GET http://trey.app/vanilla/assets/googlefonts/open-sans.css
1:21:08 PM > GET http://trey.app/vanilla/assets/googlefonts/fira-code.css
1:21:08 PM > GET http://trey.app/vanilla/assets/googlefonts/open-sans/open-sans-v29-vietnamese_latin-ext_latin_hebrew_greek-ext_greek_cyrillic-ext_cyrillic-300.woff2
1:21:08 PM > GET http://trey.app/vanilla/assets/googlefonts/open-sans/open-sans-v29-vietnamese_latin-ext_latin_hebrew_greek-ext_greek_cyrillic-ext_cyrillic-regular.woff2
1:21:08 PM > GET http://trey.app/vanilla/assets/googlefonts/fira-code/fira-code-v21-latin-ext_latin_greek-ext_greek_cyrillic-ext_cyrillic-700.woff2
