2:52:50 PM > GET http://localhost:6969/api/test/v1/time
2:52:50 PM > GET http://localhost:6969/api/serial/v1/availablePorts
2:54:24 PM > GET http://localhost:6969/api/serial/v1/availablePorts
2:56:01 PM > GET http://localhost:6969/api/test/v1/time
2:56:21 PM > GET http://localhost:6969/api/serial/v1/availablePorts
2:57:03 PM > GET http://localhost:6969/api/serial/v1/availablePorts
2:57:32 PM > GET http://localhost:6969/api/test/v1/time
2:57:42 PM > GET http://localhost:6969/api
2:58:26 PM > GET http://localhost:6969/api
2:58:30 PM > GET http://localhost:6969/api/files
2:59:12 PM > GET http://localhost:6969/vanilla/
2:59:12 PM > GET http://localhost:6969/vanilla/css/base.css
2:59:12 PM > GET http://localhost:6969/vanilla/css/theme-light.css
2:59:12 PM > GET http://localhost:6969/vanilla/css/icons.css
2:59:12 PM > GET http://localhost:6969/vanilla/assets/googlefonts/open-sans.css
2:59:12 PM > GET http://localhost:6969/vanilla/assets/googlefonts/fira-code.css
2:59:12 PM > GET http://localhost:6969/vanilla/assets/fontawesome/all.css
2:59:12 PM > GET http://localhost:6969/vanilla/assets/googlefonts/open-sans/open-sans-v29-vietnamese_latin-ext_latin_hebrew_greek-ext_greek_cyrillic-ext_cyrillic-regular.woff2
2:59:12 PM > GET http://localhost:6969/vanilla/assets/googlefonts/open-sans/open-sans-v29-vietnamese_latin-ext_latin_hebrew_greek-ext_greek_cyrillic-ext_cyrillic-300.woff2
2:59:12 PM > GET http://localhost:6969/vanilla/assets/googlefonts/open-sans/open-sans-v29-vietnamese_latin-ext_latin_hebrew_greek-ext_greek_cyrillic-ext_cyrillic-italic.woff2
2:59:12 PM > GET http://localhost:6969/vanilla/assets/googlefonts/open-sans/open-sans-v29-vietnamese_latin-ext_latin_hebrew_greek-ext_greek_cyrillic-ext_cyrillic-700.woff2
2:59:12 PM > GET http://localhost:6969/vanilla/assets/googlefonts/fira-code/fira-code-v21-latin-ext_latin_greek-ext_greek_cyrillic-ext_cyrillic-regular.woff2
2:59:12 PM > GET http://localhost:6969/vanilla/assets/googlefonts/open-sans/open-sans-v29-vietnamese_latin-ext_latin_hebrew_greek-ext_greek_cyrillic-ext_cyrillic-300italic.woff2
2:59:12 PM > GET http://localhost:6969/vanilla/assets/googlefonts/fira-code/fira-code-v21-latin-ext_latin_greek-ext_greek_cyrillic-ext_cyrillic-700.woff2
2:59:12 PM > GET http://localhost:6969/vanilla/assets/fontawesome/webfonts/fa-solid-900.woff2
2:59:20 PM > GET http://localhost:6969/vanilla/icons.html
2:59:20 PM > GET http://localhost:6969/vanilla/css/base.css
2:59:20 PM > GET http://localhost:6969/vanilla/css/theme-light.css
2:59:20 PM > GET http://localhost:6969/vanilla/css/icons.css
2:59:20 PM > GET http://localhost:6969/vanilla/assets/googlefonts/open-sans.css
2:59:20 PM > GET http://localhost:6969/vanilla/assets/googlefonts/fira-code.css
2:59:20 PM > GET http://localhost:6969/vanilla/assets/fontawesome/all.css
2:59:20 PM > GET http://localhost:6969/vanilla/assets/googlefonts/open-sans/open-sans-v29-vietnamese_latin-ext_latin_hebrew_greek-ext_greek_cyrillic-ext_cyrillic-300.woff2
2:59:20 PM > GET http://localhost:6969/vanilla/assets/googlefonts/open-sans/open-sans-v29-vietnamese_latin-ext_latin_hebrew_greek-ext_greek_cyrillic-ext_cyrillic-regular.woff2
2:59:20 PM > GET http://localhost:6969/vanilla/assets/fontawesome/webfonts/fa-solid-900.woff2
2:59:20 PM > GET http://localhost:6969/vanilla/assets/googlefonts/fira-code/fira-code-v21-latin-ext_latin_greek-ext_greek_cyrillic-ext_cyrillic-700.woff2
2:59:26 PM > GET http://localhost:6969/vanilla/layout.html
2:59:26 PM > GET http://localhost:6969/vanilla/css/base.css
2:59:26 PM > GET http://localhost:6969/vanilla/css/theme-light.css
2:59:26 PM > GET http://localhost:6969/vanilla/css/icons.css
2:59:26 PM > GET http://localhost:6969/vanilla/assets/fontawesome/all.css
2:59:26 PM > GET http://localhost:6969/vanilla/assets/googlefonts/open-sans.css
2:59:26 PM > GET http://localhost:6969/vanilla/assets/googlefonts/fira-code.css
2:59:26 PM > GET http://localhost:6969/vanilla/assets/googlefonts/open-sans/open-sans-v29-vietnamese_latin-ext_latin_hebrew_greek-ext_greek_cyrillic-ext_cyrillic-300.woff2
2:59:26 PM > GET http://localhost:6969/vanilla/assets/googlefonts/open-sans/open-sans-v29-vietnamese_latin-ext_latin_hebrew_greek-ext_greek_cyrillic-ext_cyrillic-regular.woff2
2:59:26 PM > GET http://localhost:6969/vanilla/assets/googlefonts/fira-code/fira-code-v21-latin-ext_latin_greek-ext_greek_cyrillic-ext_cyrillic-regular.woff2
2:59:26 PM > GET http://localhost:6969/vanilla/assets/fontawesome/webfonts/fa-solid-900.woff2
2:59:27 PM > GET http://localhost:6969/vanilla/index.html
2:59:27 PM > GET http://localhost:6969/vanilla/css/base.css
2:59:27 PM > GET http://localhost:6969/vanilla/css/theme-light.css
2:59:27 PM > GET http://localhost:6969/vanilla/css/icons.css
2:59:27 PM > GET http://localhost:6969/vanilla/assets/googlefonts/open-sans.css
2:59:27 PM > GET http://localhost:6969/vanilla/assets/googlefonts/fira-code.css
2:59:27 PM > GET http://localhost:6969/vanilla/assets/fontawesome/all.css
2:59:27 PM > GET http://localhost:6969/vanilla/assets/googlefonts/open-sans/open-sans-v29-vietnamese_latin-ext_latin_hebrew_greek-ext_greek_cyrillic-ext_cyrillic-300.woff2
2:59:27 PM > GET http://localhost:6969/vanilla/assets/googlefonts/open-sans/open-sans-v29-vietnamese_latin-ext_latin_hebrew_greek-ext_greek_cyrillic-ext_cyrillic-regular.woff2
2:59:27 PM > GET http://localhost:6969/vanilla/assets/googlefonts/fira-code/fira-code-v21-latin-ext_latin_greek-ext_greek_cyrillic-ext_cyrillic-regular.woff2
2:59:27 PM > GET http://localhost:6969/vanilla/assets/googlefonts/open-sans/open-sans-v29-vietnamese_latin-ext_latin_hebrew_greek-ext_greek_cyrillic-ext_cyrillic-italic.woff2
2:59:27 PM > GET http://localhost:6969/vanilla/assets/googlefonts/open-sans/open-sans-v29-vietnamese_latin-ext_latin_hebrew_greek-ext_greek_cyrillic-ext_cyrillic-700.woff2
2:59:27 PM > GET http://localhost:6969/vanilla/assets/googlefonts/open-sans/open-sans-v29-vietnamese_latin-ext_latin_hebrew_greek-ext_greek_cyrillic-ext_cyrillic-300italic.woff2
2:59:27 PM > GET http://localhost:6969/vanilla/assets/googlefonts/fira-code/fira-code-v21-latin-ext_latin_greek-ext_greek_cyrillic-ext_cyrillic-700.woff2
2:59:27 PM > GET http://localhost:6969/vanilla/assets/fontawesome/webfonts/fa-solid-900.woff2
2:59:28 PM > GET http://localhost:6969/
2:59:28 PM > GET http://localhost:6969/vanilla/css/base.css
2:59:28 PM > GET http://localhost:6969/vanilla/assets/googlefonts/open-sans.css
2:59:28 PM > GET http://localhost:6969/vanilla/assets/googlefonts/fira-code.css
2:59:28 PM > GET http://localhost:6969/vanilla/assets/googlefonts/open-sans/open-sans-v29-vietnamese_latin-ext_latin_hebrew_greek-ext_greek_cyrillic-ext_cyrillic-300.woff2
2:59:28 PM > GET http://localhost:6969/vanilla/assets/googlefonts/open-sans/open-sans-v29-vietnamese_latin-ext_latin_hebrew_greek-ext_greek_cyrillic-ext_cyrillic-regular.woff2
2:59:28 PM > GET http://localhost:6969/vanilla/assets/googlefonts/fira-code/fira-code-v21-latin-ext_latin_greek-ext_greek_cyrillic-ext_cyrillic-700.woff2
2:59:39 PM > GET http://localhost:6969/svelte/
2:59:39 PM > GET http://localhost:6969/svelte/fonts/fira-code.css
2:59:39 PM > GET http://localhost:6969/svelte/fonts/open-sans.css
2:59:39 PM > GET http://localhost:6969/svelte/js/svg-inject.js
2:59:39 PM > GET http://localhost:6969/svelte/js/hls.js
2:59:39 PM > GET http://localhost:6969/svelte/js/jsmpeg.min.js
2:59:39 PM > GET http://localhost:6969/svelte/pwa/sw-start.js
2:59:39 PM > GET http://localhost:6969/svelte/assets/index.21108f00.js
2:59:39 PM > GET http://localhost:6969/svelte/sw.js
2:59:39 PM > GET http://localhost:6969/svelte/assets/index.2ddc90d7.css
2:59:39 PM > GET http://localhost:6969/svelte/fonts/open-sans/open-sans-regular.woff2
2:59:39 PM > GET http://localhost:6969/svelte/fonts/fira-code/fira-code-regular.woff2
2:59:39 PM > GET http://localhost:6969/api/test/v1/time
2:59:39 PM > GET http://localhost:6969/api/serial/v1/availablePorts
2:59:39 PM > GET http://localhost:6969/svelte/svgs/font_awesome/house.svg
2:59:39 PM > GET http://localhost:6969/svelte/svgs/font_awesome/bars.svg
2:59:39 PM > GET http://localhost:6969/svelte/svgs/font_awesome/wrench.svg
2:59:39 PM > GET http://localhost:6969/svelte/svgs/font_awesome/caret-down.svg
2:59:39 PM > GET http://localhost:6969/svelte/svgs/font_awesome/terminal.svg
2:59:39 PM > GET http://localhost:6969/svelte/svgs/font_awesome/network-wired.svg
2:59:39 PM > GET http://localhost:6969/svelte/svgs/font_awesome/server.svg
2:59:39 PM > GET http://localhost:6969/svelte/svgs/font_awesome/gear.svg
2:59:39 PM > GET http://localhost:6969/svelte/svgs/font_awesome/up-down.svg
2:59:39 PM > GET http://localhost:6969/svelte/svgs/font_awesome/up-long.svg
2:59:39 PM > GET http://localhost:6969/svelte/svgs/font_awesome/down-long.svg
2:59:39 PM > GET http://localhost:6969/svelte/svgs/font_awesome/circle-half-stroke.svg
2:59:39 PM > GET http://localhost:6969/svelte/svgs/font_awesome/house.svg
2:59:39 PM > GET http://localhost:6969/svelte/svgs/font_awesome/bars.svg
2:59:39 PM > GET http://localhost:6969/svelte/svgs/font_awesome/wrench.svg
2:59:39 PM > GET http://localhost:6969/svelte/svgs/font_awesome/caret-down.svg
2:59:39 PM > GET http://localhost:6969/svelte/svgs/font_awesome/terminal.svg
2:59:39 PM > GET http://localhost:6969/svelte/svgs/font_awesome/network-wired.svg
2:59:39 PM > GET http://localhost:6969/svelte/svgs/font_awesome/up-down.svg
2:59:39 PM > GET http://localhost:6969/svelte/svgs/font_awesome/up-long.svg
2:59:39 PM > GET http://localhost:6969/svelte/svgs/font_awesome/down-long.svg
2:59:39 PM > GET http://localhost:6969/svelte/svgs/font_awesome/server.svg
2:59:39 PM > GET http://localhost:6969/svelte/svgs/font_awesome/gear.svg
2:59:39 PM > GET http://localhost:6969/svelte/svgs/font_awesome/circle-half-stroke.svg
2:59:39 PM > GET http://localhost:6969/svelte/manifest.json
2:59:39 PM > GET http://localhost:6969/svelte/pwa/icons/icon-144x144.png
2:59:41 PM > GET http://localhost:6969/svelte/sw.js
3:00:45 PM > GET http://localhost:6969/
3:00:45 PM > GET http://localhost:6969/vanilla/css/base.css
3:00:45 PM > GET http://localhost:6969/vanilla/assets/googlefonts/fira-code.css
3:00:45 PM > GET http://localhost:6969/vanilla/assets/googlefonts/open-sans.css
3:00:45 PM > GET http://localhost:6969/vanilla/assets/googlefonts/open-sans/open-sans-v29-vietnamese_latin-ext_latin_hebrew_greek-ext_greek_cyrillic-ext_cyrillic-300.woff2
3:00:45 PM > GET http://localhost:6969/vanilla/assets/googlefonts/fira-code/fira-code-v21-latin-ext_latin_greek-ext_greek_cyrillic-ext_cyrillic-700.woff2
3:00:45 PM > GET http://localhost:6969/vanilla/assets/googlefonts/open-sans/open-sans-v29-vietnamese_latin-ext_latin_hebrew_greek-ext_greek_cyrillic-ext_cyrillic-regular.woff2
3:04:42 PM > GET http://localhost:6969/
3:04:47 PM > GET http://localhost:6969/
3:05:10 PM > GET http://localhost:6969/
3:05:10 PM > GET http://localhost:6969/vanilla/css/base.css
3:05:10 PM > GET http://localhost:6969/vanilla/assets/googlefonts/fira-code.css
3:05:10 PM > GET http://localhost:6969/vanilla/assets/googlefonts/open-sans.css
3:05:10 PM > GET http://localhost:6969/vanilla/assets/googlefonts/open-sans/open-sans-v29-vietnamese_latin-ext_latin_hebrew_greek-ext_greek_cyrillic-ext_cyrillic-300.woff2
3:05:10 PM > GET http://localhost:6969/vanilla/assets/googlefonts/fira-code/fira-code-v21-latin-ext_latin_greek-ext_greek_cyrillic-ext_cyrillic-700.woff2
3:05:10 PM > GET http://localhost:6969/vanilla/assets/googlefonts/open-sans/open-sans-v29-vietnamese_latin-ext_latin_hebrew_greek-ext_greek_cyrillic-ext_cyrillic-regular.woff2
3:07:07 PM > GET http://localhost:6969/
3:07:08 PM > GET http://localhost:6969/
3:07:31 PM > GET http://localhost:6969/
3:07:31 PM > GET http://localhost:6969/vanilla/css/base.css
3:07:31 PM > GET http://localhost:6969/vanilla/assets/googlefonts/open-sans.css
3:07:31 PM > GET http://localhost:6969/vanilla/assets/googlefonts/fira-code.css
3:07:31 PM > GET http://localhost:6969/vanilla/assets/googlefonts/open-sans/open-sans-v29-vietnamese_latin-ext_latin_hebrew_greek-ext_greek_cyrillic-ext_cyrillic-300.woff2
3:07:31 PM > GET http://localhost:6969/vanilla/assets/googlefonts/open-sans/open-sans-v29-vietnamese_latin-ext_latin_hebrew_greek-ext_greek_cyrillic-ext_cyrillic-regular.woff2
3:07:31 PM > GET http://localhost:6969/vanilla/assets/googlefonts/fira-code/fira-code-v21-latin-ext_latin_greek-ext_greek_cyrillic-ext_cyrillic-700.woff2
3:08:03 PM > GET http://localhost:6969/
3:08:03 PM > GET http://localhost:6969/vanilla/css/base.css
3:08:03 PM > GET http://localhost:6969/vanilla/assets/googlefonts/open-sans.css
3:08:03 PM > GET http://localhost:6969/vanilla/assets/googlefonts/fira-code.css
3:08:03 PM > GET http://localhost:6969/vanilla/assets/googlefonts/open-sans/open-sans-v29-vietnamese_latin-ext_latin_hebrew_greek-ext_greek_cyrillic-ext_cyrillic-300.woff2
3:08:03 PM > GET http://localhost:6969/vanilla/assets/googlefonts/open-sans/open-sans-v29-vietnamese_latin-ext_latin_hebrew_greek-ext_greek_cyrillic-ext_cyrillic-regular.woff2
3:08:03 PM > GET http://localhost:6969/vanilla/assets/googlefonts/fira-code/fira-code-v21-latin-ext_latin_greek-ext_greek_cyrillic-ext_cyrillic-700.woff2
